# JRE version: OpenJDK Runtime Environment (8.0_222-b10) (build 1.8.0_222-8u222-b10-1ubuntu1~19.04.1-b10)
# Java VM: OpenJDK 64-Bit Server VM (25.222-b10 mixed mode linux-amd64 compressed oops)
Heap:
 PSYoungGen      total 66560K, used 5114K [0x00000000d8000000, 0x00000000dc600000, 0x0000000100000000)
  eden space 61440K, 0% used [0x00000000d8000000,0x00000000d8000000,0x00000000dbc00000)
  from space 5120K, 99% used [0x00000000dbc00000,0x00000000dc0fe898,0x00000000dc100000)
  to   space 5120K, 0% used [0x00000000dc100000,0x00000000dc100000,0x00000000dc600000)
 ParOldGen       total 81920K, used 3054K [0x0000000088000000, 0x000000008d000000, 0x00000000d8000000)
  object space 81920K, 3% used [0x0000000088000000,0x00000000882fbaa0,0x000000008d000000)
 Metaspace       used 17351K, capacity 17894K, committed 18048K, reserved 1064960K
  class space    used 2226K, capacity 2387K, committed 2432K, reserved 1048576K
GC Heap History (5 events):
Event: 0.979 GC heap before
{Heap before GC invocations=1 (full 0):
 PSYoungGen      total 35840K, used 30720K [0x00000000d8000000, 0x00000000da800000, 0x0000000100000000)
  eden space 30720K, 100% used [0x00000000d8000000,0x00000000d9e00000,0x00000000d9e00000)
  from space 5120K, 0% used [0x00000000da300000,0x00000000da300000,0x00000000da800000)
  to   space 5120K, 0% used [0x00000000d9e00000,0x00000000d9e00000,0x00000000da300000)
 ParOldGen       total 81920K, used 0K [0x0000000088000000, 0x000000008d000000, 0x00000000d8000000)
  object space 81920K, 0% used [0x0000000088000000,0x0000000088000000,0x000000008d000000)
 Metaspace       used 8949K, capacity 9120K, committed 9344K, reserved 1056768K
  class space    used 1030K, capacity 1102K, committed 1152K, reserved 1048576K
Event: 1.031 GC heap after
Heap after GC invocations=1 (full 0):
 PSYoungGen      total 35840K, used 4324K [0x00000000d8000000, 0x00000000dc600000, 0x0000000100000000)
  eden space 30720K, 0% used [0x00000000d8000000,0x00000000d8000000,0x00000000d9e00000)
  from space 5120K, 84% used [0x00000000d9e00000,0x00000000da239258,0x00000000da300000)
  to   space 5120K, 0% used [0x00000000dc100000,0x00000000dc100000,0x00000000dc600000)
 ParOldGen       total 81920K, used 0K [0x0000000088000000, 0x000000008d000000, 0x00000000d8000000)
  object space 81920K, 0% used [0x0000000088000000,0x0000000088000000,0x000000008d000000)
 Metaspace       used 8949K, capacity 9120K, committed 9344K, reserved 1056768K
  class space    used 1030K, capacity 1102K, committed 1152K, reserved 1048576K
}
Event: 6.236 GC heap before
{Heap before GC invocations=2 (full 0):
 PSYoungGen      total 35840K, used 35044K [0x00000000d8000000, 0x00000000dc600000, 0x0000000100000000)
  eden space 30720K, 100% used [0x00000000d8000000,0x00000000d9e00000,0x00000000d9e00000)
  from space 5120K, 84% used [0x00000000d9e00000,0x00000000da239258,0x00000000da300000)
  to   space 5120K, 0% used [0x00000000dc100000,0x00000000dc100000,0x00000000dc600000)
 ParOldGen       total 81920K, used 0K [0x0000000088000000, 0x000000008d000000, 0x00000000d8000000)
  object space 81920K, 0% used [0x0000000088000000,0x0000000088000000,0x000000008d000000)
 Metaspace       used 12318K, capacity 12632K, committed 12928K, reserved 1060864K
  class space    used 1463K, capacity 1576K, committed 1664K, reserved 1048576K
Event: 6.306 GC heap after
Heap after GC invocations=2 (full 0):
 PSYoungGen      total 66560K, used 4592K [0x00000000d8000000, 0x00000000dc600000, 0x0000000100000000)
  eden space 61440K, 0% used [0x00000000d8000000,0x00000000d8000000,0x00000000dbc00000)
  from space 5120K, 89% used [0x00000000dc100000,0x00000000dc57c068,0x00000000dc600000)
  to   space 5120K, 0% used [0x00000000dbc00000,0x00000000dbc00000,0x00000000dc100000)
 ParOldGen       total 81920K, used 8K [0x0000000088000000, 0x000000008d000000, 0x00000000d8000000)
  object space 81920K, 0% used [0x0000000088000000,0x0000000088002000,0x000000008d000000)
 Metaspace       used 12318K, capacity 12632K, committed 12928K, reserved 1060864K
  class space    used 1463K, capacity 1576K, committed 1664K, reserved 1048576K
}
Event: 410.048 GC heap before
{Heap before GC invocations=3 (full 0):
 PSYoungGen      total 66560K, used 66032K [0x00000000d8000000, 0x00000000dc600000, 0x0000000100000000)
  eden space 61440K, 100% used [0x00000000d8000000,0x00000000dbc00000,0x00000000dbc00000)
  from space 5120K, 89% used [0x00000000dc100000,0x00000000dc57c068,0x00000000dc600000)
  to   space 5120K, 0% used [0x00000000dbc00000,0x00000000dbc00000,0x00000000dc100000)
 ParOldGen       total 81920K, used 8K [0x0000000088000000, 0x000000008d000000, 0x00000000d8000000)
  object space 81920K, 0% used [0x0000000088000000,0x0000000088002000,0x000000008d000000)
 Metaspace       used 17351K, capacity 17894K, committed 18048K, reserved 1064960K
  class space    used 2226K, capacity 2387K, committed 2432K, reserved 1048576K

